<?xml version="1.0" encoding="UTF-8"?>
<!-- Generated by org.testng.reporters.JUnitReportReporter -->
<testsuite hostname="swastik" failures="0" tests="6" name="fetchdata.ActitimeCreateCustomer" time="89.362" errors="0" timestamp="2023-03-21T16:43:33 IST" skipped="0">
  <testcase classname="fetchdata.ActitimeCreateCustomer" name="userCreated" time="15.614"/>
  <system-out/>
  <testcase classname="fetchdata.ActitimeCreateCustomer" name="userCreated" time="15.631"/>
  <system-out/>
  <testcase classname="fetchdata.ActitimeCreateCustomer" name="userCreated" time="15.519"/>
  <system-out/>
  <testcase classname="fetchdata.ActitimeCreateCustomer" name="userCreated" time="15.603"/>
  <system-out/>
  <testcase classname="fetchdata.ActitimeCreateCustomer" name="login" time="8.318"/>
  <system-out/>
  <testcase classname="fetchdata.ActitimeCreateCustomer" name="userCreated" time="18.677"/>
  <system-out/>
</testsuite> <!-- fetchdata.ActitimeCreateCustomer -->
