<?xml version="1.0" encoding="UTF-8"?>
<!-- Generated by org.testng.reporters.JUnitReportReporter -->
<testsuite hostname="swastik" failures="0" tests="1" name="fetchdata.WriteDataIntoExcelSheet" time="0.753" errors="0" timestamp="2023-03-21T16:01:02 IST" skipped="0">
  <testcase classname="fetchdata.WriteDataIntoExcelSheet" name="writeData" time="0.753"/>
  <system-out/>
</testsuite> <!-- fetchdata.WriteDataIntoExcelSheet -->
