<?xml version="1.0" encoding="UTF-8"?>
<!-- Generated by org.testng.reporters.JUnitReportReporter -->
<testsuite hostname="swastik" failures="0" tests="1" name="fetchdata.ReadDataFromExcel" time="0.560" errors="0" timestamp="2023-03-21T13:44:25 IST" skipped="0">
  <testcase classname="fetchdata.ReadDataFromExcel" name="readdata" time="0.560"/>
  <system-out/>
</testsuite> <!-- fetchdata.ReadDataFromExcel -->
