<?xml version="1.0" encoding="UTF-8"?>
<!-- Generated by org.testng.reporters.JUnitReportReporter -->
<testsuite hostname="swastik" failures="0" tests="3" name="Test.ActitimeTypeOfWork" time="105.453" errors="0" timestamp="2023-03-25T03:21:46 IST" skipped="0">
  <testcase classname="Test.ActitimeTypeOfWork" name="ActitimeCreateTypeOfWork" time="36.694"/>
  <system-out/>
  <testcase classname="Test.ActitimeTypeOfWork" name="ActitimeCreateTypeOfWork" time="31.994"/>
  <system-out/>
  <testcase classname="Test.ActitimeTypeOfWork" name="ActitimeCreateTypeOfWork" time="36.765"/>
  <system-out/>
</testsuite> <!-- Test.ActitimeTypeOfWork -->
