<?xml version="1.0" encoding="UTF-8"?>
<!-- Generated by org.testng.reporters.JUnitReportReporter -->
<testsuite hostname="swastik" failures="0" tests="1" name="fetchdata.ReadDataPropertyFile" time="15.141" errors="0" timestamp="2023-03-21T13:49:31 IST" skipped="0">
  <testcase classname="fetchdata.ReadDataPropertyFile" name="readdatafrompfile" time="15.141"/>
  <system-out/>
</testsuite> <!-- fetchdata.ReadDataPropertyFile -->
