<?xml version="1.0" encoding="UTF-8"?>
<!-- Generated by org.testng.reporters.JUnitReportReporter -->
<testsuite hostname="swastik" failures="0" tests="3" name="Test.DeleteTypeofWork" time="80.720" errors="0" timestamp="2023-03-25T03:21:46 IST" skipped="0">
  <testcase classname="Test.DeleteTypeofWork" name="deletetypeofwork" time="25.690"/>
  <system-out/>
  <testcase classname="Test.DeleteTypeofWork" name="deletetypeofwork" time="28.073"/>
  <system-out/>
  <testcase classname="Test.DeleteTypeofWork" name="deletetypeofwork" time="26.957"/>
  <system-out/>
</testsuite> <!-- Test.DeleteTypeofWork -->
