<?xml version="1.0" encoding="UTF-8"?>
<!-- Generated by org.testng.reporters.JUnitReportReporter -->
<testsuite hostname="swastik" failures="0" tests="1" name="Test.Facebook" time="21.453" errors="0" timestamp="2023-03-23T13:54:09 IST" skipped="0">
  <testcase classname="Test.Facebook" name="fbcustomer" time="21.453"/>
  <system-out/>
</testsuite> <!-- Test.Facebook -->
