<?xml version="1.0" encoding="UTF-8"?>
<!-- Generated by org.testng.reporters.JUnitReportReporter -->
<testsuite hostname="swastik" failures="0" tests="1" name="fetchdata.FetchdataFromHashmap" time="0.123" errors="0" timestamp="2023-03-21T22:41:28 IST" skipped="0">
  <testcase classname="fetchdata.FetchdataFromHashmap" name="login" time="0.123"/>
  <system-out/>
</testsuite> <!-- fetchdata.FetchdataFromHashmap -->
